2025-02-16 18:34:24,106 prerank1837925715888::[WARNING ] Input gene rankings contains NA values(gene name and ranking value), drop them all!
2025-02-16 18:34:24,110 prerank1837925715888::[DEBUG   ] NAs list:
                    0   1
0    healthy-6620-p_6 NaN
1   healthy-6655-p_27 NaN
13      pah-6637-p_41 NaN
15      pah-6712-p_17 NaN
18       pah-6863-p_3 NaN
21      pah-6958-p_40 NaN
24       pah-6744-p_2 NaN
25      pah-6751-p_24 NaN
31  ph-lung-6689-p_29 NaN
32  ph-lung-6747-p_46 NaN
34  ph-lung-6649-p_33 NaN
35  ph-lung-6662-p_55 NaN
36  ph-lung-6678-p_42 NaN
37  ph-lung-6748-p_43 NaN
38  ph-lung-6749-p_57 NaN
40   ph-lung-6755-p_1 NaN
42  ph-lung-6825-p_52 NaN
2025-02-16 18:34:24,114 prerank1837925715888::[INFO    ] Parsing data files for GSEA.............................
2025-02-16 18:34:24,117 prerank1837925715888::[INFO    ] 0000 gene_sets have been filtered out when max_size=500 and min_size=1
2025-02-16 18:34:24,117 prerank1837925715888::[INFO    ] 0141 gene_sets used for further statistical testing.....
2025-02-16 18:34:24,117 prerank1837925715888::[INFO    ] Start to run GSEA...Might take a while..................
2025-02-16 18:34:26,012 prerank1837925715888::[INFO    ] Start to generate gseapy reports, and produce figures...
2025-02-16 18:34:26,012 prerank1837925715888::[INFO    ] Congratulations. GSEApy runs successfully................

